  Determining projects to restore...
  All projects are up-to-date for restore.
  Domain -> D:\DACS4\cinemaSystem\Domain\bin\Debug\net8.0\Domain.dll
  Shared -> D:\DACS4\cinemaSystem\Shared\bin\Debug\net8.0\Shared.dll
D:\DACS4\cinemaSystem\Application\Settings\PaymentCallBackSettings.cs(11,23): warning CS8618: Non-nullable property 'Vnp_ReturnUrl' must contain a non-null value when exiting constructor. Consider adding the 'required' modifier or declaring the property as nullable. [D:\DACS4\cinemaSystem\Application\Application.csproj]
D:\DACS4\cinemaSystem\Application\Settings\VnPaySettings.cs(11,23): warning CS8618: Non-nullable property 'Vnp_TmnCode' must contain a non-null value when exiting constructor. Consider adding the 'required' modifier or declaring the property as nullable. [D:\DACS4\cinemaSystem\Application\Application.csproj]
D:\DACS4\cinemaSystem\Application\Settings\VnPaySettings.cs(12,23): warning CS8618: Non-nullable property 'HashSecret' must contain a non-null value when exiting constructor. Consider adding the 'required' modifier or declaring the property as nullable. [D:\DACS4\cinemaSystem\Application\Application.csproj]
D:\DACS4\cinemaSystem\Application\Settings\VnPaySettings.cs(13,23): warning CS8618: Non-nullable property 'BaseUrl' must contain a non-null value when exiting constructor. Consider adding the 'required' modifier or declaring the property as nullable. [D:\DACS4\cinemaSystem\Application\Application.csproj]
D:\DACS4\cinemaSystem\Application\Settings\VnPaySettings.cs(14,23): warning CS8618: Non-nullable property 'Vnp_Command' must contain a non-null value when exiting constructor. Consider adding the 'required' modifier or declaring the property as nullable. [D:\DACS4\cinemaSystem\Application\Application.csproj]
D:\DACS4\cinemaSystem\Application\Settings\VnPaySettings.cs(15,23): warning CS8618: Non-nullable property 'Vnp_CurrCode' must contain a non-null value when exiting constructor. Consider adding the 'required' modifier or declaring the property as nullable. [D:\DACS4\cinemaSystem\Application\Application.csproj]
D:\DACS4\cinemaSystem\Application\Settings\VnPaySettings.cs(16,23): warning CS8618: Non-nullable property 'Vnp_Version' must contain a non-null value when exiting constructor. Consider adding the 'required' modifier or declaring the property as nullable. [D:\DACS4\cinemaSystem\Application\Application.csproj]
D:\DACS4\cinemaSystem\Application\Settings\VnPaySettings.cs(17,23): warning CS8618: Non-nullable property 'Vnp_Locale' must contain a non-null value when exiting constructor. Consider adding the 'required' modifier or declaring the property as nullable. [D:\DACS4\cinemaSystem\Application\Application.csproj]
D:\DACS4\cinemaSystem\Application\Settings\TimeZoneSettings.cs(11,23): warning CS8618: Non-nullable property 'Id' must contain a non-null value when exiting constructor. Consider adding the 'required' modifier or declaring the property as nullable. [D:\DACS4\cinemaSystem\Application\Application.csproj]
D:\DACS4\cinemaSystem\Application\Features\Bookings\Commands\CompleteBooking\CompleteBookingHandler.cs(38,49): error CS0117: 'BookingStatus' does not contain a definition for 'Confirmed' [D:\DACS4\cinemaSystem\Application\Application.csproj]
D:\DACS4\cinemaSystem\Application\Features\Movies\Queries\GetMovieDetails\GetMovieDetailsHandler.cs(44,30): warning CS8629: Nullable value type may be null. [D:\DACS4\cinemaSystem\Application\Application.csproj]
D:\DACS4\cinemaSystem\Application\Features\Bookings\Commands\CreateCounterBooking\CreateCounterBookingHandler.cs(21,30): warning CS9113: Parameter 'promotionRepo' is unread. [D:\DACS4\cinemaSystem\Application\Application.csproj]
D:\DACS4\cinemaSystem\Application\Features\Dashboard\Queries\GetDashboardSummary\GetDashboardSummaryHandler.cs(14,30): warning CS9113: Parameter 'inventoryRepo' is unread. [D:\DACS4\cinemaSystem\Application\Application.csproj]
D:\DACS4\cinemaSystem\Application\Features\Dashboard\Queries\GetDashboardSummary\GetDashboardSummaryHandler.cs(15,45): warning CS9113: Parameter 'logger' is unread. [D:\DACS4\cinemaSystem\Application\Application.csproj]

Build FAILED.

D:\DACS4\cinemaSystem\Application\Settings\PaymentCallBackSettings.cs(11,23): warning CS8618: Non-nullable property 'Vnp_ReturnUrl' must contain a non-null value when exiting constructor. Consider adding the 'required' modifier or declaring the property as nullable. [D:\DACS4\cinemaSystem\Application\Application.csproj]
D:\DACS4\cinemaSystem\Application\Settings\VnPaySettings.cs(11,23): warning CS8618: Non-nullable property 'Vnp_TmnCode' must contain a non-null value when exiting constructor. Consider adding the 'required' modifier or declaring the property as nullable. [D:\DACS4\cinemaSystem\Application\Application.csproj]
D:\DACS4\cinemaSystem\Application\Settings\VnPaySettings.cs(12,23): warning CS8618: Non-nullable property 'HashSecret' must contain a non-null value when exiting constructor. Consider adding the 'required' modifier or declaring the property as nullable. [D:\DACS4\cinemaSystem\Application\Application.csproj]
D:\DACS4\cinemaSystem\Application\Settings\VnPaySettings.cs(13,23): warning CS8618: Non-nullable property 'BaseUrl' must contain a non-null value when exiting constructor. Consider adding the 'required' modifier or declaring the property as nullable. [D:\DACS4\cinemaSystem\Application\Application.csproj]
D:\DACS4\cinemaSystem\Application\Settings\VnPaySettings.cs(14,23): warning CS8618: Non-nullable property 'Vnp_Command' must contain a non-null value when exiting constructor. Consider adding the 'required' modifier or declaring the property as nullable. [D:\DACS4\cinemaSystem\Application\Application.csproj]
D:\DACS4\cinemaSystem\Application\Settings\VnPaySettings.cs(15,23): warning CS8618: Non-nullable property 'Vnp_CurrCode' must contain a non-null value when exiting constructor. Consider adding the 'required' modifier or declaring the property as nullable. [D:\DACS4\cinemaSystem\Application\Application.csproj]
D:\DACS4\cinemaSystem\Application\Settings\VnPaySettings.cs(16,23): warning CS8618: Non-nullable property 'Vnp_Version' must contain a non-null value when exiting constructor. Consider adding the 'required' modifier or declaring the property as nullable. [D:\DACS4\cinemaSystem\Application\Application.csproj]
D:\DACS4\cinemaSystem\Application\Settings\VnPaySettings.cs(17,23): warning CS8618: Non-nullable property 'Vnp_Locale' must contain a non-null value when exiting constructor. Consider adding the 'required' modifier or declaring the property as nullable. [D:\DACS4\cinemaSystem\Application\Application.csproj]
D:\DACS4\cinemaSystem\Application\Settings\TimeZoneSettings.cs(11,23): warning CS8618: Non-nullable property 'Id' must contain a non-null value when exiting constructor. Consider adding the 'required' modifier or declaring the property as nullable. [D:\DACS4\cinemaSystem\Application\Application.csproj]
D:\DACS4\cinemaSystem\Application\Features\Movies\Queries\GetMovieDetails\GetMovieDetailsHandler.cs(44,30): warning CS8629: Nullable value type may be null. [D:\DACS4\cinemaSystem\Application\Application.csproj]
D:\DACS4\cinemaSystem\Application\Features\Bookings\Commands\CreateCounterBooking\CreateCounterBookingHandler.cs(21,30): warning CS9113: Parameter 'promotionRepo' is unread. [D:\DACS4\cinemaSystem\Application\Application.csproj]
D:\DACS4\cinemaSystem\Application\Features\Dashboard\Queries\GetDashboardSummary\GetDashboardSummaryHandler.cs(14,30): warning CS9113: Parameter 'inventoryRepo' is unread. [D:\DACS4\cinemaSystem\Application\Application.csproj]
D:\DACS4\cinemaSystem\Application\Features\Dashboard\Queries\GetDashboardSummary\GetDashboardSummaryHandler.cs(15,45): warning CS9113: Parameter 'logger' is unread. [D:\DACS4\cinemaSystem\Application\Application.csproj]
D:\DACS4\cinemaSystem\Application\Features\Bookings\Commands\CompleteBooking\CompleteBookingHandler.cs(38,49): error CS0117: 'BookingStatus' does not contain a definition for 'Confirmed' [D:\DACS4\cinemaSystem\Application\Application.csproj]
    13 Warning(s)
    1 Error(s)

Time Elapsed 00:00:01.23
